<?xml version="1.0" encoding="UTF-8"?>
<!-- Generated by org.testng.reporters.JUnitXMLReporter -->
<testsuite ignored="0" hostname="DESKTOP-975I42U" failures="0" tests="5" name="Default test" time="0.14" errors="0" timestamp="2023-08-25T22:03:11 IST">
  <testcase classname="TestNG.dataProvider" name="Test1" time="0.019"/>
  <testcase classname="TestNG.dataProvider" name="Test1" time="0.005"/>
  <testcase classname="TestNG.dataProvider" name="Test1" time="0.004"/>
  <testcase classname="TestNG.dataProvider" name="Test1" time="0.003"/>
  <testcase classname="TestNG.dataProvider" name="Test1" time="0.003"/>
</testsuite> <!-- Default test -->
