<?xml version="1.0" encoding="UTF-8"?>
<!-- Generated by org.testng.reporters.JUnitXMLReporter -->
<testsuite ignored="0" hostname="DESKTOP-975I42U" failures="0" tests="10" name="Test" time="0.264" errors="0" timestamp="2023-08-08T20:40:21 IST">
  <testcase classname="TestNG.Sample1" name="TC1" time="0.019"/>
  <testcase classname="TestNG.Sample1" name="TC2" time="0.005"/>
  <testcase classname="TestNG.Sample1" name="TC3" time="0.003"/>
  <testcase classname="TestNG.Sample2" name="TC4" time="0.003"/>
  <testcase classname="TestNG.Sample2" name="TC5" time="0.004"/>
  <testcase classname="TestNG.Sample2" name="TC6" time="0.004"/>
  <testcase classname="TestNG.Sample2" name="TC7" time="0.008"/>
  <testcase classname="TestNG.Sample3" name="TC10" time="0.015"/>
  <testcase classname="TestNG.Sample3" name="TC8" time="0.015"/>
  <testcase classname="TestNG.Sample3" name="TC9" time="0.006"/>
</testsuite> <!-- Test -->
