<?xml version="1.0" encoding="UTF-8"?>
<!-- Generated by org.testng.reporters.JUnitXMLReporter -->
<testsuite ignored="2" hostname="DESKTOP-975I42U" failures="0" tests="1" name="Default test(failed)" time="0.111" errors="0" timestamp="2023-08-08T20:47:32 IST">
  <testcase classname="TestNG.Sample3" name="TC10" time="0.02"/>
  <testcase classname="TestNG.Sample3" name="TC9" time="0.0">
    <ignored/>
  </testcase> <!-- TC9 -->
  <testcase classname="TestNG.Sample3" name="TC8" time="0.0">
    <ignored/>
  </testcase> <!-- TC8 -->
</testsuite> <!-- Default test(failed) -->
