<?xml version="1.0" encoding="UTF-8"?>
<!-- Generated by org.testng.reporters.JUnitXMLReporter -->
<testsuite ignored="3" hostname="DESKTOP-975I42U" failures="0" tests="1" name="Test(failed)(failed)" time="0.105" errors="0" timestamp="2023-08-08T20:35:24 IST">
  <testcase classname="TestNG.Sample2" name="TC6" time="0.029"/>
  <testcase classname="TestNG.Sample2" name="TC5" time="0.0">
    <ignored/>
  </testcase> <!-- TC5 -->
  <testcase classname="TestNG.Sample2" name="TC4" time="0.0">
    <ignored/>
  </testcase> <!-- TC4 -->
  <testcase classname="TestNG.Sample2" name="TC7" time="0.0">
    <ignored/>
  </testcase> <!-- TC7 -->
</testsuite> <!-- Test(failed)(failed) -->
